<?xml version="1.0" encoding="UTF-8"?><testsuite errors="0" failures="0" name="in.co.gorset.userinfo.GorestCURDTestWithSteps" skipped="0" tests="4" time="13.34" timestamp="2022-06-21T18:13:00.868+01:00[Europe/London]"><testcase classname="in.co.gorset.userinfo.GorestCURDTestWithSteps" name="This will create a new user"/><testcase classname="in.co.gorset.userinfo.GorestCURDTestWithSteps" name="Verify if the user was added to the application"/><testcase classname="in.co.gorset.userinfo.GorestCURDTestWithSteps" name="Update the user information and verify the updated information"/><testcase classname="in.co.gorset.userinfo.GorestCURDTestWithSteps" name="Delete the user and verify if the user is deleted!"/></testsuite>